{"name": "test_concurrent_login", "status": "failed", "statusDetails": {"message": "AssertionError: Nenhum login simultâneo funcionou\nassert 0 > 0", "trace": "tests/backend/auth/test_login.py:329: in test_concurrent_login\n    assert success_count > 0, \"Nenhum login simultâneo funcionou\"\nE   AssertionError: Nenhum login simultâneo funcionou\nE   assert 0 > 0"}, "description": "Testa login concorrente", "attachments": [{"name": "log", "source": "5ced5818-b5ad-4275-9eed-911e49798ea4-attachment.txt", "type": "text/plain"}, {"name": "stderr", "source": "754850a5-4adc-4f27-a620-2f177114fdb4-attachment.txt", "type": "text/plain"}], "start": 1766188107159, "stop": 1766188109180, "uuid": "a4cf535d-899a-4e25-99c0-c0d8b4534e86", "historyId": "db87b0a218c079340ec056a574003332", "testCaseId": "db87b0a218c079340ec056a574003332", "fullName": "tests.backend.auth.test_login.TestAuthSecurity#test_concurrent_login", "labels": [{"name": "parentSuite", "value": "tests.backend.auth"}, {"name": "suite", "value": "test_login"}, {"name": "subSuite", "value": "TestAuthSecurity"}, {"name": "host", "value": "dumontcloud-local"}, {"name": "thread", "value": "106640-MainThread"}, {"name": "framework", "value": "pytest"}, {"name": "language", "value": "cpython3"}, {"name": "package", "value": "tests.backend.auth.test_login"}], "titlePath": ["tests", "backend", "auth", "test_login.py", "TestAuthSecurity"]}